2022-10-28 11:57:08,271:INFO:PyCaret Supervised Module
2022-10-28 11:57:08,273:INFO:ML Usecase: classification
2022-10-28 11:57:08,275:INFO:version 2.3.10
2022-10-28 11:57:08,277:INFO:Initializing setup()
2022-10-28 11:57:08,278:INFO:setup(target=HeartDisease, ml_usecase=classification, available_plots={'parameter': 'Hyperparameters', 'auc': 'AUC', 'confusion_matrix': 'Confusion Matrix', 'threshold': 'Threshold', 'pr': 'Precision Recall', 'error': 'Prediction Error', 'class_report': 'Class Report', 'rfe': 'Feature Selection', 'learning': 'Learning Curve', 'manifold': 'Manifold Learning', 'calibration': 'Calibration Curve', 'vc': 'Validation Curve', 'dimension': 'Dimensions', 'feature': 'Feature Importance', 'feature_all': 'Feature Importance (All)', 'boundary': 'Decision Boundary', 'lift': 'Lift Chart', 'gain': 'Gain Chart', 'tree': 'Decision Tree', 'ks': 'KS Statistic Plot'}, train_size=0.7, test_data=None, preprocess=True, imputation_type=simple, iterative_imputation_iters=5, categorical_features=None, categorical_imputation=constant, categorical_iterative_imputer=lightgbm, ordinal_features=None, high_cardinality_features=None, high_cardinality_method=frequency, numeric_features=None, numeric_imputation=mean, numeric_iterative_imputer=lightgbm, date_features=None, ignore_features=None, normalize=False, normalize_method=zscore, transformation=False, transformation_method=yeo-johnson, handle_unknown_categorical=True, unknown_categorical_method=least_frequent, pca=False, pca_method=linear, pca_components=None, ignore_low_variance=False, combine_rare_levels=False, rare_level_threshold=0.1, bin_numeric_features=None, remove_outliers=False, outliers_threshold=0.05, remove_multicollinearity=False, multicollinearity_threshold=0.9, remove_perfect_collinearity=True, create_clusters=False, cluster_iter=20, polynomial_features=False, polynomial_degree=2, trigonometry_features=False, polynomial_threshold=0.1, group_features=None, group_names=None, feature_selection=False, feature_selection_threshold=0.8, feature_selection_method=classic, feature_interaction=False, feature_ratio=False, interaction_threshold=0.01, fix_imbalance=False, fix_imbalance_method=None, transform_target=False, transform_target_method=box-cox, data_split_shuffle=True, data_split_stratify=False, fold_strategy=stratifiedkfold, fold=10, fold_shuffle=False, fold_groups=None, n_jobs=-1, use_gpu=False, custom_pipeline=None, html=True, session_id=None, log_experiment=False, experiment_name=None, experiment_custom_tags=None, log_plots=False, log_profile=False, log_data=False, silent=True, verbose=True, profile=False, profile_kwargs=None, display=None)
2022-10-28 11:57:08,280:INFO:Checking environment
2022-10-28 11:57:08,281:INFO:python_version: 3.9.12
2022-10-28 11:57:08,281:INFO:python_build: ('main', 'Apr  4 2022 05:22:27')
2022-10-28 11:57:08,282:INFO:machine: AMD64
2022-10-28 11:57:08,442:INFO:platform: Windows-10-10.0.19043-SP0
2022-10-28 11:57:08,443:INFO:Memory: svmem(total=8569933824, available=614547456, percent=92.8, used=7955386368, free=614547456)
2022-10-28 11:57:08,443:INFO:Physical Core: 4
2022-10-28 11:57:08,444:INFO:Logical Core: 8
2022-10-28 11:57:08,444:INFO:Checking libraries
2022-10-28 11:57:08,445:INFO:pd==1.4.2
2022-10-28 11:57:08,445:INFO:numpy==1.19.5
2022-10-28 11:57:08,446:INFO:sklearn==0.23.2
2022-10-28 11:57:08,446:INFO:lightgbm==3.3.3
2022-10-28 11:57:09,277:INFO:catboost==1.1
2022-10-28 11:57:09,278:INFO:xgboost==1.6.2
2022-10-28 11:57:09,281:INFO:mlflow==1.30.0
2022-10-28 11:57:09,282:INFO:Checking Exceptions
2022-10-28 11:57:09,283:INFO:Declaring global variables
2022-10-28 11:57:09,283:INFO:USI: 1481
2022-10-28 11:57:09,283:INFO:pycaret_globals: {'imputation_classifier', 'pycaret_globals', '_gpu_n_jobs_param', 'iterative_imputation_iters_param', 'display_container', 'dashboard_logger', 'y', 'transform_target_param', 'exp_name_log', 'create_model_container', 'fold_shuffle_param', 'fold_groups_param', 'html_param', 'y_train', 'fix_imbalance_param', 'log_plots_param', 'USI', 'fix_imbalance_method_param', 'fold_generator', '_all_models', 'gpu_param', 'imputation_regressor', '_ml_usecase', 'X_train', 'X_test', 'X', 'seed', 'data_before_preprocess', 'stratify_param', '_all_models_internal', '_available_plots', '_all_metrics', 'target_param', 'logging_param', 'fold_param', 'transform_target_method_param', 'master_model_container', 'n_jobs_param', 'prep_pipe', '_internal_pipeline', 'experiment__', 'fold_groups_param_full', 'y_test'}
2022-10-28 11:57:09,284:INFO:Preparing display monitor
2022-10-28 11:57:09,285:INFO:Preparing display monitor
2022-10-28 11:57:09,313:INFO:Importing libraries
2022-10-28 11:57:09,314:INFO:Copying data for preprocessing
2022-10-28 11:57:09,323:INFO:Declaring preprocessing parameters
2022-10-28 11:57:09,327:INFO:Creating preprocessing pipeline
2022-10-28 11:57:09,339:INFO:Preprocessing pipeline created successfully
2022-10-28 11:57:09,339:ERROR:(Process Exit): setup has been interupted with user command 'quit'. setup must rerun.
2022-10-28 11:57:09,341:INFO:Creating global containers
2022-10-28 11:57:09,345:INFO:Internal pipeline: Pipeline(memory=None, steps=[('empty_step', 'passthrough')], verbose=False)
2022-10-28 11:57:11,885:INFO:Creating grid variables
2022-10-28 11:57:11,897:INFO:create_model_container: 0
2022-10-28 11:57:11,898:INFO:master_model_container: 0
2022-10-28 11:57:11,898:INFO:display_container: 1
2022-10-28 11:57:11,915:INFO:Pipeline(memory=None,
         steps=[('dtypes',
                 DataTypes_Auto_infer(categorical_features=[],
                                      display_types=False, features_todrop=[],
                                      id_columns=[],
                                      ml_usecase='classification',
                                      numerical_features=[],
                                      target='HeartDisease',
                                      time_features=[])),
                ('imputer',
                 Simple_Imputer(categorical_strategy='not_available',
                                fill_value_categorical=None,
                                fill_value_numerical=None,
                                numeri...
                ('scaling', 'passthrough'), ('P_transform', 'passthrough'),
                ('binn', 'passthrough'), ('rem_outliers', 'passthrough'),
                ('cluster_all', 'passthrough'),
                ('dummy', Dummify(target='HeartDisease')),
                ('fix_perfect', Remove_100(target='HeartDisease')),
                ('clean_names', Clean_Colum_Names()),
                ('feature_select', 'passthrough'), ('fix_multi', 'passthrough'),
                ('dfs', 'passthrough'), ('pca', 'passthrough')],
         verbose=False)
2022-10-28 11:57:11,917:INFO:setup() succesfully completed......................................
2022-10-28 12:24:32,137:INFO:PyCaret Supervised Module
2022-10-28 12:24:32,141:INFO:ML Usecase: classification
2022-10-28 12:24:32,143:INFO:version 2.3.10
2022-10-28 12:24:32,144:INFO:Initializing setup()
2022-10-28 12:24:32,145:INFO:setup(target=Transported, ml_usecase=classification, available_plots={'parameter': 'Hyperparameters', 'auc': 'AUC', 'confusion_matrix': 'Confusion Matrix', 'threshold': 'Threshold', 'pr': 'Precision Recall', 'error': 'Prediction Error', 'class_report': 'Class Report', 'rfe': 'Feature Selection', 'learning': 'Learning Curve', 'manifold': 'Manifold Learning', 'calibration': 'Calibration Curve', 'vc': 'Validation Curve', 'dimension': 'Dimensions', 'feature': 'Feature Importance', 'feature_all': 'Feature Importance (All)', 'boundary': 'Decision Boundary', 'lift': 'Lift Chart', 'gain': 'Gain Chart', 'tree': 'Decision Tree', 'ks': 'KS Statistic Plot'}, train_size=0.7, test_data=None, preprocess=True, imputation_type=simple, iterative_imputation_iters=5, categorical_features=None, categorical_imputation=constant, categorical_iterative_imputer=lightgbm, ordinal_features=None, high_cardinality_features=None, high_cardinality_method=frequency, numeric_features=None, numeric_imputation=mean, numeric_iterative_imputer=lightgbm, date_features=None, ignore_features=None, normalize=False, normalize_method=zscore, transformation=False, transformation_method=yeo-johnson, handle_unknown_categorical=True, unknown_categorical_method=least_frequent, pca=False, pca_method=linear, pca_components=None, ignore_low_variance=False, combine_rare_levels=False, rare_level_threshold=0.1, bin_numeric_features=None, remove_outliers=False, outliers_threshold=0.05, remove_multicollinearity=False, multicollinearity_threshold=0.9, remove_perfect_collinearity=True, create_clusters=False, cluster_iter=20, polynomial_features=False, polynomial_degree=2, trigonometry_features=False, polynomial_threshold=0.1, group_features=None, group_names=None, feature_selection=False, feature_selection_threshold=0.8, feature_selection_method=classic, feature_interaction=False, feature_ratio=False, interaction_threshold=0.01, fix_imbalance=False, fix_imbalance_method=None, transform_target=False, transform_target_method=box-cox, data_split_shuffle=True, data_split_stratify=False, fold_strategy=stratifiedkfold, fold=10, fold_shuffle=False, fold_groups=None, n_jobs=-1, use_gpu=False, custom_pipeline=None, html=True, session_id=None, log_experiment=False, experiment_name=None, experiment_custom_tags=None, log_plots=False, log_profile=False, log_data=False, silent=True, verbose=True, profile=False, profile_kwargs=None, display=None)
2022-10-28 12:24:32,147:INFO:Checking environment
2022-10-28 12:24:32,148:INFO:python_version: 3.9.12
2022-10-28 12:24:32,149:INFO:python_build: ('main', 'Apr  4 2022 05:22:27')
2022-10-28 12:24:32,150:INFO:machine: AMD64
2022-10-28 12:24:32,295:INFO:platform: Windows-10-10.0.19043-SP0
2022-10-28 12:24:32,296:INFO:Memory: svmem(total=8569933824, available=875089920, percent=89.8, used=7694843904, free=875089920)
2022-10-28 12:24:32,299:INFO:Physical Core: 4
2022-10-28 12:24:32,300:INFO:Logical Core: 8
2022-10-28 12:24:32,301:INFO:Checking libraries
2022-10-28 12:24:32,302:INFO:pd==1.4.2
2022-10-28 12:24:32,303:INFO:numpy==1.19.5
2022-10-28 12:24:32,304:INFO:sklearn==0.23.2
2022-10-28 12:24:32,305:INFO:lightgbm==3.3.3
2022-10-28 12:24:32,865:INFO:catboost==1.1
2022-10-28 12:24:32,865:INFO:xgboost==1.6.2
2022-10-28 12:24:32,868:INFO:mlflow==1.30.0
2022-10-28 12:24:32,869:INFO:Checking Exceptions
2022-10-28 12:24:32,871:INFO:Declaring global variables
2022-10-28 12:24:32,872:INFO:USI: 0fbb
2022-10-28 12:24:32,873:INFO:pycaret_globals: {'X', '_ml_usecase', 'fold_groups_param', 'fold_param', 'y_test', '_all_models_internal', 'iterative_imputation_iters_param', 'seed', 'y_train', 'display_container', 'target_param', 'master_model_container', '_all_metrics', 'imputation_classifier', 'transform_target_param', 'gpu_param', 'exp_name_log', 'stratify_param', 'n_jobs_param', '_all_models', 'fix_imbalance_param', 'data_before_preprocess', '_available_plots', 'create_model_container', 'fold_groups_param_full', 'prep_pipe', 'log_plots_param', 'y', 'logging_param', 'X_test', 'fold_generator', '_gpu_n_jobs_param', 'dashboard_logger', 'experiment__', 'html_param', 'pycaret_globals', 'transform_target_method_param', 'X_train', 'USI', '_internal_pipeline', 'imputation_regressor', 'fold_shuffle_param', 'fix_imbalance_method_param'}
2022-10-28 12:24:32,874:INFO:Preparing display monitor
2022-10-28 12:24:32,876:INFO:Preparing display monitor
2022-10-28 12:24:32,900:INFO:Importing libraries
2022-10-28 12:24:32,901:INFO:Copying data for preprocessing
2022-10-28 12:24:32,914:INFO:Declaring preprocessing parameters
2022-10-28 12:24:32,917:INFO:Creating preprocessing pipeline
2022-10-28 12:24:32,941:INFO:Preprocessing pipeline created successfully
2022-10-28 12:24:32,942:ERROR:(Process Exit): setup has been interupted with user command 'quit'. setup must rerun.
2022-10-28 12:24:32,943:INFO:Creating global containers
2022-10-28 12:24:32,947:INFO:Internal pipeline: Pipeline(memory=None, steps=[('empty_step', 'passthrough')], verbose=False)
2022-10-28 12:24:35,027:INFO:Creating grid variables
2022-10-28 12:24:35,035:INFO:create_model_container: 0
2022-10-28 12:24:35,036:INFO:master_model_container: 0
2022-10-28 12:24:35,038:INFO:display_container: 1
2022-10-28 12:24:35,052:INFO:Pipeline(memory=None,
         steps=[('dtypes',
                 DataTypes_Auto_infer(categorical_features=[],
                                      display_types=False, features_todrop=[],
                                      id_columns=[],
                                      ml_usecase='classification',
                                      numerical_features=[],
                                      target='Transported', time_features=[])),
                ('imputer',
                 Simple_Imputer(categorical_strategy='not_available',
                                fill_value_categorical=None,
                                fill_value_numerical=None,
                                numeric...
                ('scaling', 'passthrough'), ('P_transform', 'passthrough'),
                ('binn', 'passthrough'), ('rem_outliers', 'passthrough'),
                ('cluster_all', 'passthrough'),
                ('dummy', Dummify(target='Transported')),
                ('fix_perfect', Remove_100(target='Transported')),
                ('clean_names', Clean_Colum_Names()),
                ('feature_select', 'passthrough'), ('fix_multi', 'passthrough'),
                ('dfs', 'passthrough'), ('pca', 'passthrough')],
         verbose=False)
2022-10-28 12:24:35,057:INFO:setup() succesfully completed......................................
2022-10-28 12:31:06,257:INFO:PyCaret Supervised Module
2022-10-28 12:31:06,259:INFO:ML Usecase: classification
2022-10-28 12:31:06,260:INFO:version 2.3.10
2022-10-28 12:31:06,261:INFO:Initializing setup()
2022-10-28 12:31:06,262:INFO:setup(target=Transported, ml_usecase=classification, available_plots={'parameter': 'Hyperparameters', 'auc': 'AUC', 'confusion_matrix': 'Confusion Matrix', 'threshold': 'Threshold', 'pr': 'Precision Recall', 'error': 'Prediction Error', 'class_report': 'Class Report', 'rfe': 'Feature Selection', 'learning': 'Learning Curve', 'manifold': 'Manifold Learning', 'calibration': 'Calibration Curve', 'vc': 'Validation Curve', 'dimension': 'Dimensions', 'feature': 'Feature Importance', 'feature_all': 'Feature Importance (All)', 'boundary': 'Decision Boundary', 'lift': 'Lift Chart', 'gain': 'Gain Chart', 'tree': 'Decision Tree', 'ks': 'KS Statistic Plot'}, train_size=0.7, test_data=None, preprocess=True, imputation_type=simple, iterative_imputation_iters=5, categorical_features=None, categorical_imputation=constant, categorical_iterative_imputer=lightgbm, ordinal_features=None, high_cardinality_features=None, high_cardinality_method=frequency, numeric_features=None, numeric_imputation=mean, numeric_iterative_imputer=lightgbm, date_features=None, ignore_features=None, normalize=False, normalize_method=zscore, transformation=False, transformation_method=yeo-johnson, handle_unknown_categorical=True, unknown_categorical_method=least_frequent, pca=False, pca_method=linear, pca_components=None, ignore_low_variance=False, combine_rare_levels=False, rare_level_threshold=0.1, bin_numeric_features=None, remove_outliers=False, outliers_threshold=0.05, remove_multicollinearity=False, multicollinearity_threshold=0.9, remove_perfect_collinearity=True, create_clusters=False, cluster_iter=20, polynomial_features=False, polynomial_degree=2, trigonometry_features=False, polynomial_threshold=0.1, group_features=None, group_names=None, feature_selection=False, feature_selection_threshold=0.8, feature_selection_method=classic, feature_interaction=False, feature_ratio=False, interaction_threshold=0.01, fix_imbalance=False, fix_imbalance_method=None, transform_target=False, transform_target_method=box-cox, data_split_shuffle=True, data_split_stratify=False, fold_strategy=stratifiedkfold, fold=10, fold_shuffle=False, fold_groups=None, n_jobs=-1, use_gpu=False, custom_pipeline=None, html=True, session_id=None, log_experiment=False, experiment_name=None, experiment_custom_tags=None, log_plots=False, log_profile=False, log_data=False, silent=True, verbose=True, profile=False, profile_kwargs=None, display=None)
2022-10-28 12:31:06,265:INFO:Checking environment
2022-10-28 12:31:06,266:INFO:python_version: 3.9.12
2022-10-28 12:31:06,267:INFO:python_build: ('main', 'Apr  4 2022 05:22:27')
2022-10-28 12:31:06,269:INFO:machine: AMD64
2022-10-28 12:31:06,433:INFO:platform: Windows-10-10.0.19043-SP0
2022-10-28 12:31:06,434:INFO:Memory: svmem(total=8569933824, available=891428864, percent=89.6, used=7678504960, free=891428864)
2022-10-28 12:31:06,438:INFO:Physical Core: 4
2022-10-28 12:31:06,439:INFO:Logical Core: 8
2022-10-28 12:31:06,440:INFO:Checking libraries
2022-10-28 12:31:06,441:INFO:pd==1.4.2
2022-10-28 12:31:06,442:INFO:numpy==1.19.5
2022-10-28 12:31:06,443:INFO:sklearn==0.23.2
2022-10-28 12:31:06,444:INFO:lightgbm==3.3.3
2022-10-28 12:31:06,583:INFO:catboost==1.1
2022-10-28 12:31:06,584:INFO:xgboost==1.6.2
2022-10-28 12:31:06,601:INFO:mlflow==1.30.0
2022-10-28 12:31:06,612:INFO:Checking Exceptions
2022-10-28 12:31:06,623:INFO:Declaring global variables
2022-10-28 12:31:06,624:INFO:USI: b90e
2022-10-28 12:31:06,626:INFO:pycaret_globals: {'fix_imbalance_method_param', 'data_before_preprocess', 'y_train', 'X_train', 'USI', '_all_metrics', 'pycaret_globals', 'seed', 'fix_imbalance_param', 'imputation_regressor', 'master_model_container', 'imputation_classifier', 'fold_groups_param_full', 'n_jobs_param', 'transform_target_method_param', 'dashboard_logger', 'y', 'X_test', '_all_models', 'prep_pipe', '_internal_pipeline', 'X', 'target_param', 'log_plots_param', 'fold_generator', 'exp_name_log', 'fold_param', '_ml_usecase', 'logging_param', 'display_container', 'stratify_param', '_all_models_internal', 'experiment__', 'transform_target_param', '_available_plots', 'fold_shuffle_param', 'y_test', 'iterative_imputation_iters_param', '_gpu_n_jobs_param', 'html_param', 'create_model_container', 'gpu_param', 'fold_groups_param'}
2022-10-28 12:31:06,628:INFO:Preparing display monitor
2022-10-28 12:31:06,631:INFO:Preparing display monitor
2022-10-28 12:31:06,652:INFO:Importing libraries
2022-10-28 12:31:06,653:INFO:Copying data for preprocessing
2022-10-28 12:31:06,666:INFO:Declaring preprocessing parameters
2022-10-28 12:31:06,669:INFO:Creating preprocessing pipeline
2022-10-28 12:31:06,679:INFO:Preprocessing pipeline created successfully
2022-10-28 12:31:06,679:ERROR:(Process Exit): setup has been interupted with user command 'quit'. setup must rerun.
2022-10-28 12:31:06,680:INFO:Creating global containers
2022-10-28 12:31:06,684:INFO:Internal pipeline: Pipeline(memory=None, steps=[('empty_step', 'passthrough')], verbose=False)
2022-10-28 12:31:08,435:INFO:Creating grid variables
2022-10-28 12:31:08,446:INFO:create_model_container: 0
2022-10-28 12:31:08,448:INFO:master_model_container: 0
2022-10-28 12:31:08,449:INFO:display_container: 1
2022-10-28 12:31:08,461:INFO:Pipeline(memory=None,
         steps=[('dtypes',
                 DataTypes_Auto_infer(categorical_features=[],
                                      display_types=False, features_todrop=[],
                                      id_columns=[],
                                      ml_usecase='classification',
                                      numerical_features=[],
                                      target='Transported', time_features=[])),
                ('imputer',
                 Simple_Imputer(categorical_strategy='not_available',
                                fill_value_categorical=None,
                                fill_value_numerical=None,
                                numeric...
                ('scaling', 'passthrough'), ('P_transform', 'passthrough'),
                ('binn', 'passthrough'), ('rem_outliers', 'passthrough'),
                ('cluster_all', 'passthrough'),
                ('dummy', Dummify(target='Transported')),
                ('fix_perfect', Remove_100(target='Transported')),
                ('clean_names', Clean_Colum_Names()),
                ('feature_select', 'passthrough'), ('fix_multi', 'passthrough'),
                ('dfs', 'passthrough'), ('pca', 'passthrough')],
         verbose=False)
2022-10-28 12:31:08,462:INFO:setup() succesfully completed......................................
2022-10-28 12:31:59,400:INFO:PyCaret Supervised Module
2022-10-28 12:31:59,401:INFO:ML Usecase: classification
2022-10-28 12:31:59,406:INFO:version 2.3.10
2022-10-28 12:31:59,407:INFO:Initializing setup()
2022-10-28 12:31:59,409:INFO:setup(target=PassengerId, ml_usecase=classification, available_plots={'parameter': 'Hyperparameters', 'auc': 'AUC', 'confusion_matrix': 'Confusion Matrix', 'threshold': 'Threshold', 'pr': 'Precision Recall', 'error': 'Prediction Error', 'class_report': 'Class Report', 'rfe': 'Feature Selection', 'learning': 'Learning Curve', 'manifold': 'Manifold Learning', 'calibration': 'Calibration Curve', 'vc': 'Validation Curve', 'dimension': 'Dimensions', 'feature': 'Feature Importance', 'feature_all': 'Feature Importance (All)', 'boundary': 'Decision Boundary', 'lift': 'Lift Chart', 'gain': 'Gain Chart', 'tree': 'Decision Tree', 'ks': 'KS Statistic Plot'}, train_size=0.7, test_data=None, preprocess=True, imputation_type=simple, iterative_imputation_iters=5, categorical_features=None, categorical_imputation=constant, categorical_iterative_imputer=lightgbm, ordinal_features=None, high_cardinality_features=None, high_cardinality_method=frequency, numeric_features=None, numeric_imputation=mean, numeric_iterative_imputer=lightgbm, date_features=None, ignore_features=None, normalize=False, normalize_method=zscore, transformation=False, transformation_method=yeo-johnson, handle_unknown_categorical=True, unknown_categorical_method=least_frequent, pca=False, pca_method=linear, pca_components=None, ignore_low_variance=False, combine_rare_levels=False, rare_level_threshold=0.1, bin_numeric_features=None, remove_outliers=False, outliers_threshold=0.05, remove_multicollinearity=False, multicollinearity_threshold=0.9, remove_perfect_collinearity=True, create_clusters=False, cluster_iter=20, polynomial_features=False, polynomial_degree=2, trigonometry_features=False, polynomial_threshold=0.1, group_features=None, group_names=None, feature_selection=False, feature_selection_threshold=0.8, feature_selection_method=classic, feature_interaction=False, feature_ratio=False, interaction_threshold=0.01, fix_imbalance=False, fix_imbalance_method=None, transform_target=False, transform_target_method=box-cox, data_split_shuffle=True, data_split_stratify=False, fold_strategy=stratifiedkfold, fold=10, fold_shuffle=False, fold_groups=None, n_jobs=-1, use_gpu=False, custom_pipeline=None, html=True, session_id=None, log_experiment=False, experiment_name=None, experiment_custom_tags=None, log_plots=False, log_profile=False, log_data=False, silent=True, verbose=True, profile=False, profile_kwargs=None, display=None)
2022-10-28 12:31:59,411:INFO:Checking environment
2022-10-28 12:31:59,413:INFO:python_version: 3.9.12
2022-10-28 12:31:59,414:INFO:python_build: ('main', 'Apr  4 2022 05:22:27')
2022-10-28 12:31:59,415:INFO:machine: AMD64
2022-10-28 12:31:59,416:INFO:platform: Windows-10-10.0.19043-SP0
2022-10-28 12:31:59,417:INFO:Memory: svmem(total=8569933824, available=1230991360, percent=85.6, used=7338942464, free=1230991360)
2022-10-28 12:31:59,418:INFO:Physical Core: 4
2022-10-28 12:31:59,419:INFO:Logical Core: 8
2022-10-28 12:31:59,422:INFO:Checking libraries
2022-10-28 12:31:59,424:INFO:pd==1.4.2
2022-10-28 12:31:59,425:INFO:numpy==1.19.5
2022-10-28 12:31:59,427:INFO:sklearn==0.23.2
2022-10-28 12:31:59,452:INFO:lightgbm==3.3.3
2022-10-28 12:31:59,467:INFO:catboost==1.1
2022-10-28 12:31:59,474:INFO:xgboost==1.6.2
2022-10-28 12:31:59,475:INFO:mlflow==1.30.0
2022-10-28 12:31:59,477:INFO:Checking Exceptions
2022-10-28 12:31:59,482:INFO:Declaring global variables
2022-10-28 12:31:59,483:INFO:USI: 5d78
2022-10-28 12:31:59,484:INFO:pycaret_globals: {'fix_imbalance_method_param', 'data_before_preprocess', 'y_train', 'X_train', 'USI', '_all_metrics', 'pycaret_globals', 'seed', 'fix_imbalance_param', 'imputation_regressor', 'master_model_container', 'imputation_classifier', 'fold_groups_param_full', 'n_jobs_param', 'transform_target_method_param', 'dashboard_logger', 'y', 'X_test', '_all_models', 'prep_pipe', '_internal_pipeline', 'X', 'target_param', 'log_plots_param', 'fold_generator', 'exp_name_log', 'fold_param', '_ml_usecase', 'logging_param', 'display_container', 'stratify_param', '_all_models_internal', 'experiment__', 'transform_target_param', '_available_plots', 'fold_shuffle_param', 'y_test', 'iterative_imputation_iters_param', '_gpu_n_jobs_param', 'html_param', 'create_model_container', 'gpu_param', 'fold_groups_param'}
2022-10-28 12:31:59,486:INFO:Preparing display monitor
2022-10-28 12:31:59,488:INFO:Preparing display monitor
2022-10-28 12:31:59,515:INFO:Importing libraries
2022-10-28 12:31:59,518:INFO:Copying data for preprocessing
2022-10-28 12:31:59,539:INFO:Declaring preprocessing parameters
2022-10-28 12:31:59,542:INFO:Creating preprocessing pipeline
2022-10-28 12:31:59,551:INFO:Preprocessing pipeline created successfully
2022-10-28 12:31:59,557:ERROR:(Process Exit): setup has been interupted with user command 'quit'. setup must rerun.
2022-10-28 12:31:59,559:INFO:Creating global containers
2022-10-28 12:31:59,561:INFO:Internal pipeline: Pipeline(memory=None, steps=[('empty_step', 'passthrough')], verbose=False)
2022-10-28 12:32:00,540:INFO:Creating grid variables
2022-10-28 12:32:00,573:INFO:create_model_container: 0
2022-10-28 12:32:00,582:INFO:master_model_container: 0
2022-10-28 12:32:00,595:INFO:display_container: 1
2022-10-28 12:32:00,623:INFO:Pipeline(memory=None,
         steps=[('dtypes',
                 DataTypes_Auto_infer(categorical_features=[],
                                      display_types=False, features_todrop=[],
                                      id_columns=[],
                                      ml_usecase='classification',
                                      numerical_features=[],
                                      target='PassengerId', time_features=[])),
                ('imputer',
                 Simple_Imputer(categorical_strategy='not_available',
                                fill_value_categorical=None,
                                fill_value_numerical=None,
                                numeric...
                ('scaling', 'passthrough'), ('P_transform', 'passthrough'),
                ('binn', 'passthrough'), ('rem_outliers', 'passthrough'),
                ('cluster_all', 'passthrough'),
                ('dummy', Dummify(target='PassengerId')),
                ('fix_perfect', Remove_100(target='PassengerId')),
                ('clean_names', Clean_Colum_Names()),
                ('feature_select', 'passthrough'), ('fix_multi', 'passthrough'),
                ('dfs', 'passthrough'), ('pca', 'passthrough')],
         verbose=False)
2022-10-28 12:32:00,628:INFO:setup() succesfully completed......................................
2022-10-28 12:32:03,773:INFO:PyCaret Supervised Module
2022-10-28 12:32:03,773:INFO:ML Usecase: classification
2022-10-28 12:32:03,778:INFO:version 2.3.10
2022-10-28 12:32:03,779:INFO:Initializing setup()
2022-10-28 12:32:03,781:INFO:setup(target=Transported, ml_usecase=classification, available_plots={'parameter': 'Hyperparameters', 'auc': 'AUC', 'confusion_matrix': 'Confusion Matrix', 'threshold': 'Threshold', 'pr': 'Precision Recall', 'error': 'Prediction Error', 'class_report': 'Class Report', 'rfe': 'Feature Selection', 'learning': 'Learning Curve', 'manifold': 'Manifold Learning', 'calibration': 'Calibration Curve', 'vc': 'Validation Curve', 'dimension': 'Dimensions', 'feature': 'Feature Importance', 'feature_all': 'Feature Importance (All)', 'boundary': 'Decision Boundary', 'lift': 'Lift Chart', 'gain': 'Gain Chart', 'tree': 'Decision Tree', 'ks': 'KS Statistic Plot'}, train_size=0.7, test_data=None, preprocess=True, imputation_type=simple, iterative_imputation_iters=5, categorical_features=None, categorical_imputation=constant, categorical_iterative_imputer=lightgbm, ordinal_features=None, high_cardinality_features=None, high_cardinality_method=frequency, numeric_features=None, numeric_imputation=mean, numeric_iterative_imputer=lightgbm, date_features=None, ignore_features=None, normalize=False, normalize_method=zscore, transformation=False, transformation_method=yeo-johnson, handle_unknown_categorical=True, unknown_categorical_method=least_frequent, pca=False, pca_method=linear, pca_components=None, ignore_low_variance=False, combine_rare_levels=False, rare_level_threshold=0.1, bin_numeric_features=None, remove_outliers=False, outliers_threshold=0.05, remove_multicollinearity=False, multicollinearity_threshold=0.9, remove_perfect_collinearity=True, create_clusters=False, cluster_iter=20, polynomial_features=False, polynomial_degree=2, trigonometry_features=False, polynomial_threshold=0.1, group_features=None, group_names=None, feature_selection=False, feature_selection_threshold=0.8, feature_selection_method=classic, feature_interaction=False, feature_ratio=False, interaction_threshold=0.01, fix_imbalance=False, fix_imbalance_method=None, transform_target=False, transform_target_method=box-cox, data_split_shuffle=True, data_split_stratify=False, fold_strategy=stratifiedkfold, fold=10, fold_shuffle=False, fold_groups=None, n_jobs=-1, use_gpu=False, custom_pipeline=None, html=True, session_id=None, log_experiment=False, experiment_name=None, experiment_custom_tags=None, log_plots=False, log_profile=False, log_data=False, silent=True, verbose=True, profile=False, profile_kwargs=None, display=None)
2022-10-28 12:32:03,782:INFO:Checking environment
2022-10-28 12:32:03,784:INFO:python_version: 3.9.12
2022-10-28 12:32:03,786:INFO:python_build: ('main', 'Apr  4 2022 05:22:27')
2022-10-28 12:32:03,789:INFO:machine: AMD64
2022-10-28 12:32:03,796:INFO:platform: Windows-10-10.0.19043-SP0
2022-10-28 12:32:03,797:INFO:Memory: svmem(total=8569933824, available=1164111872, percent=86.4, used=7405821952, free=1164111872)
2022-10-28 12:32:03,798:INFO:Physical Core: 4
2022-10-28 12:32:03,799:INFO:Logical Core: 8
2022-10-28 12:32:03,800:INFO:Checking libraries
2022-10-28 12:32:03,801:INFO:pd==1.4.2
2022-10-28 12:32:03,803:INFO:numpy==1.19.5
2022-10-28 12:32:03,804:INFO:sklearn==0.23.2
2022-10-28 12:32:03,808:INFO:lightgbm==3.3.3
2022-10-28 12:32:03,809:INFO:catboost==1.1
2022-10-28 12:32:03,810:INFO:xgboost==1.6.2
2022-10-28 12:32:03,812:INFO:mlflow==1.30.0
2022-10-28 12:32:03,813:INFO:Checking Exceptions
2022-10-28 12:32:03,814:INFO:Declaring global variables
2022-10-28 12:32:03,815:INFO:USI: 4a66
2022-10-28 12:32:03,817:INFO:pycaret_globals: {'fix_imbalance_method_param', 'data_before_preprocess', 'y_train', 'X_train', 'USI', '_all_metrics', 'pycaret_globals', 'seed', 'fix_imbalance_param', 'imputation_regressor', 'master_model_container', 'imputation_classifier', 'fold_groups_param_full', 'n_jobs_param', 'transform_target_method_param', 'dashboard_logger', 'y', 'X_test', '_all_models', 'prep_pipe', '_internal_pipeline', 'X', 'target_param', 'log_plots_param', 'fold_generator', 'exp_name_log', 'fold_param', '_ml_usecase', 'logging_param', 'display_container', 'stratify_param', '_all_models_internal', 'experiment__', 'transform_target_param', '_available_plots', 'fold_shuffle_param', 'y_test', 'iterative_imputation_iters_param', '_gpu_n_jobs_param', 'html_param', 'create_model_container', 'gpu_param', 'fold_groups_param'}
2022-10-28 12:32:03,821:INFO:Preparing display monitor
2022-10-28 12:32:03,828:INFO:Preparing display monitor
2022-10-28 12:32:03,859:INFO:Importing libraries
2022-10-28 12:32:03,861:INFO:Copying data for preprocessing
2022-10-28 12:32:03,879:INFO:Declaring preprocessing parameters
2022-10-28 12:32:03,881:INFO:Creating preprocessing pipeline
2022-10-28 12:32:03,892:INFO:Preprocessing pipeline created successfully
2022-10-28 12:32:03,893:ERROR:(Process Exit): setup has been interupted with user command 'quit'. setup must rerun.
2022-10-28 12:32:03,894:INFO:Creating global containers
2022-10-28 12:32:03,896:INFO:Internal pipeline: Pipeline(memory=None, steps=[('empty_step', 'passthrough')], verbose=False)
2022-10-28 12:32:05,007:INFO:Creating grid variables
2022-10-28 12:32:05,021:INFO:create_model_container: 0
2022-10-28 12:32:05,022:INFO:master_model_container: 0
2022-10-28 12:32:05,025:INFO:display_container: 1
2022-10-28 12:32:05,047:INFO:Pipeline(memory=None,
         steps=[('dtypes',
                 DataTypes_Auto_infer(categorical_features=[],
                                      display_types=False, features_todrop=[],
                                      id_columns=[],
                                      ml_usecase='classification',
                                      numerical_features=[],
                                      target='Transported', time_features=[])),
                ('imputer',
                 Simple_Imputer(categorical_strategy='not_available',
                                fill_value_categorical=None,
                                fill_value_numerical=None,
                                numeric...
                ('scaling', 'passthrough'), ('P_transform', 'passthrough'),
                ('binn', 'passthrough'), ('rem_outliers', 'passthrough'),
                ('cluster_all', 'passthrough'),
                ('dummy', Dummify(target='Transported')),
                ('fix_perfect', Remove_100(target='Transported')),
                ('clean_names', Clean_Colum_Names()),
                ('feature_select', 'passthrough'), ('fix_multi', 'passthrough'),
                ('dfs', 'passthrough'), ('pca', 'passthrough')],
         verbose=False)
2022-10-28 12:32:05,050:INFO:setup() succesfully completed......................................
2022-10-28 12:34:16,725:INFO:PyCaret Supervised Module
2022-10-28 12:34:16,735:INFO:ML Usecase: classification
2022-10-28 12:34:16,737:INFO:version 2.3.10
2022-10-28 12:34:16,738:INFO:Initializing setup()
2022-10-28 12:34:16,741:INFO:setup(target=Transported, ml_usecase=classification, available_plots={'parameter': 'Hyperparameters', 'auc': 'AUC', 'confusion_matrix': 'Confusion Matrix', 'threshold': 'Threshold', 'pr': 'Precision Recall', 'error': 'Prediction Error', 'class_report': 'Class Report', 'rfe': 'Feature Selection', 'learning': 'Learning Curve', 'manifold': 'Manifold Learning', 'calibration': 'Calibration Curve', 'vc': 'Validation Curve', 'dimension': 'Dimensions', 'feature': 'Feature Importance', 'feature_all': 'Feature Importance (All)', 'boundary': 'Decision Boundary', 'lift': 'Lift Chart', 'gain': 'Gain Chart', 'tree': 'Decision Tree', 'ks': 'KS Statistic Plot'}, train_size=0.7, test_data=None, preprocess=True, imputation_type=simple, iterative_imputation_iters=5, categorical_features=None, categorical_imputation=constant, categorical_iterative_imputer=lightgbm, ordinal_features=None, high_cardinality_features=None, high_cardinality_method=frequency, numeric_features=None, numeric_imputation=mean, numeric_iterative_imputer=lightgbm, date_features=None, ignore_features=None, normalize=False, normalize_method=zscore, transformation=False, transformation_method=yeo-johnson, handle_unknown_categorical=True, unknown_categorical_method=least_frequent, pca=False, pca_method=linear, pca_components=None, ignore_low_variance=False, combine_rare_levels=False, rare_level_threshold=0.1, bin_numeric_features=None, remove_outliers=False, outliers_threshold=0.05, remove_multicollinearity=False, multicollinearity_threshold=0.9, remove_perfect_collinearity=True, create_clusters=False, cluster_iter=20, polynomial_features=False, polynomial_degree=2, trigonometry_features=False, polynomial_threshold=0.1, group_features=None, group_names=None, feature_selection=False, feature_selection_threshold=0.8, feature_selection_method=classic, feature_interaction=False, feature_ratio=False, interaction_threshold=0.01, fix_imbalance=False, fix_imbalance_method=None, transform_target=False, transform_target_method=box-cox, data_split_shuffle=True, data_split_stratify=False, fold_strategy=stratifiedkfold, fold=10, fold_shuffle=False, fold_groups=None, n_jobs=-1, use_gpu=False, custom_pipeline=None, html=True, session_id=None, log_experiment=False, experiment_name=None, experiment_custom_tags=None, log_plots=False, log_profile=False, log_data=False, silent=True, verbose=True, profile=False, profile_kwargs=None, display=None)
2022-10-28 12:34:16,743:INFO:Checking environment
2022-10-28 12:34:16,745:INFO:python_version: 3.9.12
2022-10-28 12:34:16,746:INFO:python_build: ('main', 'Apr  4 2022 05:22:27')
2022-10-28 12:34:16,748:INFO:machine: AMD64
2022-10-28 12:34:16,750:INFO:platform: Windows-10-10.0.19043-SP0
2022-10-28 12:34:16,752:INFO:Memory: svmem(total=8569933824, available=1047805952, percent=87.8, used=7522127872, free=1047805952)
2022-10-28 12:34:16,753:INFO:Physical Core: 4
2022-10-28 12:34:16,755:INFO:Logical Core: 8
2022-10-28 12:34:16,763:INFO:Checking libraries
2022-10-28 12:34:16,765:INFO:pd==1.4.2
2022-10-28 12:34:16,767:INFO:numpy==1.19.5
2022-10-28 12:34:16,770:INFO:sklearn==0.23.2
2022-10-28 12:34:16,775:INFO:lightgbm==3.3.3
2022-10-28 12:34:16,777:INFO:catboost==1.1
2022-10-28 12:34:16,779:INFO:xgboost==1.6.2
2022-10-28 12:34:16,780:INFO:mlflow==1.30.0
2022-10-28 12:34:16,782:INFO:Checking Exceptions
2022-10-28 12:34:16,783:INFO:Declaring global variables
2022-10-28 12:34:16,784:INFO:USI: 9d3a
2022-10-28 12:34:16,786:INFO:pycaret_globals: {'fix_imbalance_method_param', 'data_before_preprocess', 'y_train', 'X_train', 'USI', '_all_metrics', 'pycaret_globals', 'seed', 'fix_imbalance_param', 'imputation_regressor', 'master_model_container', 'imputation_classifier', 'fold_groups_param_full', 'n_jobs_param', 'transform_target_method_param', 'dashboard_logger', 'y', 'X_test', '_all_models', 'prep_pipe', '_internal_pipeline', 'X', 'target_param', 'log_plots_param', 'fold_generator', 'exp_name_log', 'fold_param', '_ml_usecase', 'logging_param', 'display_container', 'stratify_param', '_all_models_internal', 'experiment__', 'transform_target_param', '_available_plots', 'fold_shuffle_param', 'y_test', 'iterative_imputation_iters_param', '_gpu_n_jobs_param', 'html_param', 'create_model_container', 'gpu_param', 'fold_groups_param'}
2022-10-28 12:34:16,791:INFO:Preparing display monitor
2022-10-28 12:34:16,792:INFO:Preparing display monitor
2022-10-28 12:34:16,816:INFO:Importing libraries
2022-10-28 12:34:16,818:INFO:Copying data for preprocessing
2022-10-28 12:34:16,829:INFO:Declaring preprocessing parameters
2022-10-28 12:34:16,832:INFO:Creating preprocessing pipeline
2022-10-28 12:34:16,843:INFO:Preprocessing pipeline created successfully
2022-10-28 12:34:16,844:ERROR:(Process Exit): setup has been interupted with user command 'quit'. setup must rerun.
2022-10-28 12:34:16,845:INFO:Creating global containers
2022-10-28 12:34:16,847:INFO:Internal pipeline: Pipeline(memory=None, steps=[('empty_step', 'passthrough')], verbose=False)
2022-10-28 12:34:18,061:INFO:Creating grid variables
2022-10-28 12:34:18,071:INFO:create_model_container: 0
2022-10-28 12:34:18,074:INFO:master_model_container: 0
2022-10-28 12:34:18,075:INFO:display_container: 1
2022-10-28 12:34:18,087:INFO:Pipeline(memory=None,
         steps=[('dtypes',
                 DataTypes_Auto_infer(categorical_features=[],
                                      display_types=False, features_todrop=[],
                                      id_columns=[],
                                      ml_usecase='classification',
                                      numerical_features=[],
                                      target='Transported', time_features=[])),
                ('imputer',
                 Simple_Imputer(categorical_strategy='not_available',
                                fill_value_categorical=None,
                                fill_value_numerical=None,
                                numeric...
                ('scaling', 'passthrough'), ('P_transform', 'passthrough'),
                ('binn', 'passthrough'), ('rem_outliers', 'passthrough'),
                ('cluster_all', 'passthrough'),
                ('dummy', Dummify(target='Transported')),
                ('fix_perfect', Remove_100(target='Transported')),
                ('clean_names', Clean_Colum_Names()),
                ('feature_select', 'passthrough'), ('fix_multi', 'passthrough'),
                ('dfs', 'passthrough'), ('pca', 'passthrough')],
         verbose=False)
2022-10-28 12:34:18,090:INFO:setup() succesfully completed......................................
2022-10-28 14:30:22,968:INFO:PyCaret Supervised Module
2022-10-28 14:30:22,971:INFO:ML Usecase: regression
2022-10-28 14:30:22,972:INFO:version 2.3.10
2022-10-28 14:30:22,973:INFO:Initializing setup()
2022-10-28 14:30:22,974:INFO:setup(target=Transported, ml_usecase=regression, available_plots={'parameter': 'Hyperparameters', 'residuals': 'Residuals', 'error': 'Prediction Error', 'cooks': 'Cooks Distance', 'rfe': 'Feature Selection', 'learning': 'Learning Curve', 'manifold': 'Manifold Learning', 'vc': 'Validation Curve', 'feature': 'Feature Importance', 'feature_all': 'Feature Importance (All)', 'tree': 'Decision Tree', 'residuals_interactive': 'Interactive Residuals'}, train_size=0.7, test_data=None, preprocess=True, imputation_type=simple, iterative_imputation_iters=5, categorical_features=None, categorical_imputation=constant, categorical_iterative_imputer=lightgbm, ordinal_features=None, high_cardinality_features=None, high_cardinality_method=frequency, numeric_features=None, numeric_imputation=mean, numeric_iterative_imputer=lightgbm, date_features=None, ignore_features=None, normalize=False, normalize_method=zscore, transformation=False, transformation_method=yeo-johnson, handle_unknown_categorical=True, unknown_categorical_method=least_frequent, pca=False, pca_method=linear, pca_components=None, ignore_low_variance=False, combine_rare_levels=False, rare_level_threshold=0.1, bin_numeric_features=None, remove_outliers=False, outliers_threshold=0.05, remove_multicollinearity=False, multicollinearity_threshold=0.9, remove_perfect_collinearity=True, create_clusters=False, cluster_iter=20, polynomial_features=False, polynomial_degree=2, trigonometry_features=False, polynomial_threshold=0.1, group_features=None, group_names=None, feature_selection=False, feature_selection_threshold=0.8, feature_selection_method=classic, feature_interaction=False, feature_ratio=False, interaction_threshold=0.01, fix_imbalance=False, fix_imbalance_method=None, transform_target=False, transform_target_method=box-cox, data_split_shuffle=True, data_split_stratify=False, fold_strategy=kfold, fold=10, fold_shuffle=False, fold_groups=None, n_jobs=-1, use_gpu=False, custom_pipeline=None, html=True, session_id=None, log_experiment=False, experiment_name=None, experiment_custom_tags=None, log_plots=False, log_profile=False, log_data=False, silent=True, verbose=True, profile=False, profile_kwargs=None, display=None)
2022-10-28 14:30:22,976:INFO:Checking environment
2022-10-28 14:30:22,978:INFO:python_version: 3.9.12
2022-10-28 14:30:22,979:INFO:python_build: ('main', 'Apr  4 2022 05:22:27')
2022-10-28 14:30:22,980:INFO:machine: AMD64
2022-10-28 14:30:23,151:INFO:platform: Windows-10-10.0.19043-SP0
2022-10-28 14:30:23,151:INFO:Memory: svmem(total=8569933824, available=715698176, percent=91.6, used=7854235648, free=715698176)
2022-10-28 14:30:23,162:INFO:Physical Core: 4
2022-10-28 14:30:23,166:INFO:Logical Core: 8
2022-10-28 14:30:23,177:INFO:Checking libraries
2022-10-28 14:30:23,184:INFO:pd==1.4.2
2022-10-28 14:30:23,192:INFO:numpy==1.19.5
2022-10-28 14:30:23,197:INFO:sklearn==0.23.2
2022-10-28 14:30:23,203:INFO:lightgbm==3.3.3
2022-10-28 14:30:23,733:INFO:catboost==1.1
2022-10-28 14:30:23,733:INFO:xgboost==1.6.2
2022-10-28 14:30:23,736:INFO:mlflow==1.30.0
2022-10-28 14:30:23,737:INFO:Checking Exceptions
2022-10-28 14:30:23,739:INFO:Declaring global variables
2022-10-28 14:30:23,741:INFO:USI: 44b3
2022-10-28 14:30:23,742:INFO:pycaret_globals: {'_all_metrics', 'transform_target_method_param', 'log_plots_param', 'logging_param', 'gpu_param', 'n_jobs_param', 'transform_target_param', '_internal_pipeline', 'USI', 'stratify_param', 'X_test', 'fold_groups_param_full', 'seed', '_gpu_n_jobs_param', '_all_models_internal', 'exp_name_log', 'y_train', 'data_before_preprocess', 'dashboard_logger', '_all_models', 'target_param', 'create_model_container', 'iterative_imputation_iters_param', '_available_plots', 'fix_imbalance_param', 'X_train', 'fold_groups_param', 'master_model_container', 'display_container', 'fold_shuffle_param', 'fold_param', 'imputation_classifier', 'fold_generator', 'fix_imbalance_method_param', 'y', 'y_test', 'X', 'html_param', 'prep_pipe', 'imputation_regressor', '_ml_usecase', 'pycaret_globals', 'experiment__'}
2022-10-28 14:30:23,744:INFO:Preparing display monitor
2022-10-28 14:30:23,746:INFO:Preparing display monitor
2022-10-28 14:30:23,770:INFO:Importing libraries
2022-10-28 14:30:23,773:INFO:Copying data for preprocessing
2022-10-28 14:30:23,784:INFO:Declaring preprocessing parameters
2022-10-28 14:30:23,791:INFO:Creating preprocessing pipeline
2022-10-28 14:30:23,801:INFO:Preprocessing pipeline created successfully
2022-10-28 14:30:23,802:ERROR:(Process Exit): setup has been interupted with user command 'quit'. setup must rerun.
2022-10-28 14:30:23,803:INFO:Creating global containers
2022-10-28 14:30:23,807:INFO:Internal pipeline: Pipeline(memory=None, steps=[('empty_step', 'passthrough')], verbose=False)
2022-10-28 14:30:26,483:INFO:Creating grid variables
2022-10-28 14:30:26,491:INFO:create_model_container: 0
2022-10-28 14:30:26,492:INFO:master_model_container: 0
2022-10-28 14:30:26,492:INFO:display_container: 1
2022-10-28 14:30:26,505:INFO:Pipeline(memory=None,
         steps=[('dtypes',
                 DataTypes_Auto_infer(categorical_features=[],
                                      display_types=False, features_todrop=[],
                                      id_columns=[], ml_usecase='regression',
                                      numerical_features=[],
                                      target='Transported', time_features=[])),
                ('imputer',
                 Simple_Imputer(categorical_strategy='not_available',
                                fill_value_categorical=None,
                                fill_value_numerical=None,
                                numeric_str...
                ('scaling', 'passthrough'), ('P_transform', 'passthrough'),
                ('binn', 'passthrough'), ('rem_outliers', 'passthrough'),
                ('cluster_all', 'passthrough'),
                ('dummy', Dummify(target='Transported')),
                ('fix_perfect', Remove_100(target='Transported')),
                ('clean_names', Clean_Colum_Names()),
                ('feature_select', 'passthrough'), ('fix_multi', 'passthrough'),
                ('dfs', 'passthrough'), ('pca', 'passthrough')],
         verbose=False)
2022-10-28 14:30:26,507:INFO:setup() succesfully completed......................................
